<?xml version="1.0" encoding="UTF-8"?>
<!-- Generated by org.testng.reporters.JUnitXMLReporter -->
<testsuite ignored="0" hostname="hp" failures="0" tests="6" name="Test" time="0.176" errors="0" timestamp="2020-01-27T17:13:01 IST">
  <testcase classname="qaclickacademy.APITest" name="deleteTwitter" time="0.015"/>
  <testcase classname="qaclickacademy.APITest" name="postJIRA" time="0.001"/>
  <testcase classname="qaclickacademy.SeleniumTest" name="BrowserAutomation" time="0.001"/>
  <testcase classname="qaclickacademy.SeleniumTest" name="elementsUi" time="0.001"/>
  <testcase classname="qaclickacademy.anyTest" name="method1" time="0.001"/>
  <testcase classname="qaclickacademy.anyTest" name="method2" time="0.001"/>
</testsuite> <!-- Test -->
