<?xml version="1.0" encoding="UTF-8"?>
<!-- Generated by org.testng.reporters.JUnitXMLReporter -->
<testsuite ignored="0" hostname="hp" failures="0" tests="4" name="Test" time="0.039" errors="0" timestamp="27 Jan 2020 11:01:01 GMT">
  <testcase classname="qaclickacademy.APITest" name="deleteTwitter" time="0.006"/>
  <testcase classname="qaclickacademy.APITest" name="postJIRA" time="0.001"/>
  <testcase classname="qaclickacademy.SeleniumTest" name="BrowserAutomation" time="0.0"/>
  <testcase classname="qaclickacademy.SeleniumTest" name="elementsUi" time="0.001"/>
</testsuite> <!-- Test -->
