<?xml version="1.0" encoding="UTF-8" ?>
<testsuite tests="6" failures="0" name="TestSuite" time="0.012" errors="0" skipped="0">
  <properties>
[...]
</properties>
  <testcase classname="qaclickacademy.APITest" name="deleteTwitter" time="0.012"/>
  <testcase classname="qaclickacademy.APITest" name="postJIRA" time="0"/>
  <testcase classname="qaclickacademy.AppiumTest" name="IOSApps" time="0"/>
  <testcase classname="qaclickacademy.AppiumTest" name="NativeAppAndroid" time="0"/>
  <testcase classname="qaclickacademy.SeleniumTest" name="BrowserAutomation" time="0"/>
  <testcase classname="qaclickacademy.SeleniumTest" name="elementsUi" time="0"/>
</testsuite>