<?xml version="1.0" encoding="UTF-8"?>
<testng-results ignored="0" total="6" passed="6" failed="0" skipped="0">
  <reporter-output>
  </reporter-output>
  <suite started-at="2020-01-27T11:07:52Z" name="Command line suite" finished-at="2020-01-27T11:07:52Z" duration-ms="57">
    <groups>
    </groups>
    <test started-at="2020-01-27T11:07:52Z" name="Command line test" finished-at="2020-01-27T11:07:52Z" duration-ms="57">
      <class name="qaclickacademy.AppiumTest">
        <test-method signature="IOSApps()[pri:0, instance:qaclickacademy.AppiumTest@7e2d773b]" started-at="2020-01-27T16:37:52Z" name="IOSApps" finished-at="2020-01-27T16:37:52Z" duration-ms="0" status="PASS">
          <reporter-output>
          </reporter-output>
        </test-method> <!-- IOSApps -->
        <test-method signature="NativeAppAndroid()[pri:0, instance:qaclickacademy.AppiumTest@7e2d773b]" started-at="2020-01-27T16:37:52Z" name="NativeAppAndroid" finished-at="2020-01-27T16:37:52Z" duration-ms="0" status="PASS">
          <reporter-output>
          </reporter-output>
        </test-method> <!-- NativeAppAndroid -->
      </class> <!-- qaclickacademy.AppiumTest -->
      <class name="qaclickacademy.APITest">
        <test-method signature="deleteTwitter()[pri:0, instance:qaclickacademy.APITest@3cb1ffe6]" started-at="2020-01-27T16:37:52Z" name="deleteTwitter" finished-at="2020-01-27T16:37:52Z" duration-ms="11" status="PASS">
          <reporter-output>
          </reporter-output>
        </test-method> <!-- deleteTwitter -->
        <test-method signature="postJIRA()[pri:0, instance:qaclickacademy.APITest@3cb1ffe6]" started-at="2020-01-27T16:37:52Z" name="postJIRA" finished-at="2020-01-27T16:37:52Z" duration-ms="1" status="PASS">
          <reporter-output>
          </reporter-output>
        </test-method> <!-- postJIRA -->
      </class> <!-- qaclickacademy.APITest -->
      <class name="qaclickacademy.SeleniumTest">
        <test-method signature="BrowserAutomation()[pri:0, instance:qaclickacademy.SeleniumTest@2173f6d9]" started-at="2020-01-27T16:37:52Z" name="BrowserAutomation" finished-at="2020-01-27T16:37:52Z" duration-ms="0" status="PASS">
          <reporter-output>
          </reporter-output>
        </test-method> <!-- BrowserAutomation -->
        <test-method signature="elementsUi()[pri:0, instance:qaclickacademy.SeleniumTest@2173f6d9]" started-at="2020-01-27T16:37:52Z" name="elementsUi" finished-at="2020-01-27T16:37:52Z" duration-ms="0" status="PASS">
          <reporter-output>
          </reporter-output>
        </test-method> <!-- elementsUi -->
      </class> <!-- qaclickacademy.SeleniumTest -->
    </test> <!-- Command line test -->
  </suite> <!-- Command line suite -->
</testng-results>
