<?xml version="1.0" encoding="UTF-8"?>
<testng-results ignored="0" total="6" passed="6" failed="0" skipped="0">
  <reporter-output>
  </reporter-output>
  <suite started-at="2020-01-27T17:13:01 IST" name="Suite" finished-at="2020-01-27T17:13:01 IST" duration-ms="176">
    <groups>
    </groups>
    <test started-at="2020-01-27T17:13:01 IST" name="Test" finished-at="2020-01-27T17:13:01 IST" duration-ms="176">
      <class name="qaclickacademy.anyTest">
        <test-method signature="method1()[pri:0, instance:qaclickacademy.anyTest@14d3bc22]" started-at="2020-01-27T17:13:01 IST" name="method1" finished-at="2020-01-27T17:13:01 IST" duration-ms="1" status="PASS">
          <reporter-output>
          </reporter-output>
        </test-method> <!-- method1 -->
        <test-method signature="method2()[pri:0, instance:qaclickacademy.anyTest@14d3bc22]" started-at="2020-01-27T17:13:01 IST" name="method2" finished-at="2020-01-27T17:13:01 IST" duration-ms="1" status="PASS">
          <reporter-output>
          </reporter-output>
        </test-method> <!-- method2 -->
      </class> <!-- qaclickacademy.anyTest -->
      <class name="qaclickacademy.APITest">
        <test-method signature="deleteTwitter()[pri:0, instance:qaclickacademy.APITest@11a9e7c8]" started-at="2020-01-27T17:13:01 IST" name="deleteTwitter" finished-at="2020-01-27T17:13:01 IST" duration-ms="15" status="PASS">
          <reporter-output>
          </reporter-output>
        </test-method> <!-- deleteTwitter -->
        <test-method signature="postJIRA()[pri:0, instance:qaclickacademy.APITest@11a9e7c8]" started-at="2020-01-27T17:13:01 IST" name="postJIRA" finished-at="2020-01-27T17:13:01 IST" duration-ms="1" status="PASS">
          <reporter-output>
          </reporter-output>
        </test-method> <!-- postJIRA -->
      </class> <!-- qaclickacademy.APITest -->
      <class name="qaclickacademy.SeleniumTest">
        <test-method signature="BrowserAutomation()[pri:0, instance:qaclickacademy.SeleniumTest@3901d134]" started-at="2020-01-27T17:13:01 IST" name="BrowserAutomation" finished-at="2020-01-27T17:13:01 IST" duration-ms="1" status="PASS">
          <reporter-output>
          </reporter-output>
        </test-method> <!-- BrowserAutomation -->
        <test-method signature="elementsUi()[pri:0, instance:qaclickacademy.SeleniumTest@3901d134]" started-at="2020-01-27T17:13:01 IST" name="elementsUi" finished-at="2020-01-27T17:13:01 IST" duration-ms="1" status="PASS">
          <reporter-output>
          </reporter-output>
        </test-method> <!-- elementsUi -->
      </class> <!-- qaclickacademy.SeleniumTest -->
    </test> <!-- Test -->
  </suite> <!-- Suite -->
</testng-results>
